Log file open, 04/03/19 01:50:36
LogWindows: Failed to load 'aqProf.dll' (GetLastError=126)
LogWindows: File 'aqProf.dll' does not exist
LogWindows: Failed to load 'VtuneApi.dll' (GetLastError=126)
LogWindows: File 'VtuneApi.dll' does not exist
LogWindows: Failed to load 'VtuneApi32e.dll' (GetLastError=126)
LogWindows: File 'VtuneApi32e.dll' does not exist
LogConsoleResponse: Display: Failed to find resolution value strings in scalability ini. Falling back to default.
LogInit: Display: Running engine for game: SmollScopeWave
LogPakFile: Registered encryption key '00000000000000000000000000000000': 0 pak files mounted, 0 remain pending
LogPlatformFile: Not using cached read wrapper
LogTaskGraph: Started task graph with 5 named threads and 47 total threads with 3 sets of task threads.
LogStats: Stats thread started at 0.542882
LogD3D11RHI: Loaded GFSDK_Aftermath_Lib.x64.dll
LogICUInternationalization: ICU TimeZone Detection - Raw Offset: +1:00, Platform Override: ''
LogPluginManager: Mounting plugin Paper2D
LogPluginManager: Mounting plugin AISupport
LogPluginManager: Mounting plugin LightPropagationVolume
LogPluginManager: Mounting plugin ActorLayerUtilities
LogPluginManager: Mounting plugin CLionSourceCodeAccess
LogPluginManager: Mounting plugin CodeLiteSourceCodeAccess
LogPluginManager: Mounting plugin GitSourceControl
LogPluginManager: Mounting plugin KDevelopSourceCodeAccess
LogPluginManager: Mounting plugin NullSourceCodeAccess
LogPluginManager: Mounting plugin PerforceSourceControl
LogPluginManager: Mounting plugin SubversionSourceControl
LogPluginManager: Mounting plugin UObjectPlugin
LogPluginManager: Mounting plugin VisualStudioCodeSourceCodeAccess
LogPluginManager: Mounting plugin VisualStudioSourceCodeAccess
LogPluginManager: Mounting plugin XCodeSourceCodeAccess
LogPluginManager: Mounting plugin AssetManagerEditor
LogPluginManager: Mounting plugin CryptoKeys
LogPluginManager: Mounting plugin DataValidation
LogPluginManager: Mounting plugin FacialAnimation
LogPluginManager: Mounting plugin GameplayTagsEditor
LogPluginManager: Mounting plugin MacGraphicsSwitching
LogPluginManager: Mounting plugin MeshEditor
LogPluginManager: Mounting plugin MobileLauncherProfileWizard
LogPluginManager: Mounting plugin PluginBrowser
LogPluginManager: Mounting plugin SpeedTreeImporter
LogPluginManager: Mounting plugin DatasmithContent
LogPluginManager: Mounting plugin VariantManagerContent
LogPluginManager: Mounting plugin AlembicImporter
LogPluginManager: Mounting plugin AppleImageUtils
LogPluginManager: Mounting plugin AppleVision
LogPluginManager: Mounting plugin BackChannel
LogPluginManager: Mounting plugin CharacterAI
LogPluginManager: Mounting plugin GeometryCache
LogPluginManager: Mounting plugin HTML5Networking
LogPluginManager: Mounting plugin ProxyLODPlugin
LogPluginManager: Mounting plugin MagicLeap
LogPluginManager: Mounting plugin MagicLeapMedia
LogPluginManager: Mounting plugin AndroidMedia
LogPluginManager: Mounting plugin AvfMedia
LogPluginManager: Mounting plugin ImgMedia
LogPluginManager: Mounting plugin LinearTimecode
LogPluginManager: Mounting plugin MediaCompositing
LogPluginManager: Mounting plugin MediaPlayerEditor
LogPluginManager: Mounting plugin WebMMedia
LogPluginManager: Mounting plugin WmfMedia
LogPluginManager: Mounting plugin TcpMessaging
LogPluginManager: Mounting plugin UdpMessaging
LogPluginManager: Mounting plugin ActorSequence
LogPluginManager: Mounting plugin LevelSequenceEditor
LogPluginManager: Mounting plugin MatineeToLevelSequence
LogPluginManager: Mounting plugin NetcodeUnitTest
LogPluginManager: Mounting plugin NUTUnrealEngine4
LogPluginManager: Mounting plugin OnlineSubsystemGooglePlay
LogPluginManager: Mounting plugin OnlineSubsystemIOS
LogPluginManager: Mounting plugin OnlineSubsystem
LogPluginManager: Mounting plugin OnlineSubsystemNull
LogPluginManager: Mounting plugin OnlineSubsystemUtils
LogPluginManager: Mounting plugin LauncherChunkInstaller
LogPluginManager: Mounting plugin AndroidDeviceProfileSelector
LogPluginManager: Mounting plugin AndroidMoviePlayer
LogPluginManager: Mounting plugin AndroidPermission
LogPluginManager: Mounting plugin AppleMoviePlayer
LogPluginManager: Mounting plugin ArchVisCharacter
LogPluginManager: Mounting plugin AudioCapture
LogPluginManager: Mounting plugin CableComponent
LogPluginManager: Mounting plugin CustomMeshComponent
LogPluginManager: Mounting plugin EditableMesh
LogPluginManager: Mounting plugin ExampleDeviceProfileSelector
LogPluginManager: Mounting plugin Firebase
LogPluginManager: Mounting plugin GoogleCloudMessaging
LogPluginManager: Mounting plugin IOSDeviceProfileSelector
LogPluginManager: Mounting plugin LinuxDeviceProfileSelector
LogPluginManager: Mounting plugin LocationServicesBPLibrary
LogPluginManager: Mounting plugin MobilePatchingUtils
LogPluginManager: Mounting plugin OculusVR
LogPluginManager: Mounting plugin PhysXVehicles
LogPluginManager: Mounting plugin ProceduralMeshComponent
LogPluginManager: Mounting plugin RuntimePhysXCooking
LogPluginManager: Mounting plugin SteamVR
LogPluginManager: Mounting plugin WebMMoviePlayer
LogPluginManager: Mounting plugin WindowsMoviePlayer
LogStreaming: Display: Took  0.111s to configure plugins.
LogInit: Using libcurl 7.55.1-DEV
LogInit:  - built for x86_64-pc-win32
LogInit:  - supports SSL with OpenSSL/1.0.2h
LogInit:  - supports HTTP deflate (compression) using libz 1.2.8
LogInit:  - other features:
LogInit:      CURL_VERSION_SSL
LogInit:      CURL_VERSION_LIBZ
LogInit:      CURL_VERSION_IPV6
LogInit:      CURL_VERSION_ASYNCHDNS
LogInit:      CURL_VERSION_LARGEFILE
LogInit:      CURL_VERSION_IDN
LogInit:  CurlRequestOptions (configurable via config and command line):
LogInit:  - bVerifyPeer = true  - Libcurl will verify peer certificate
LogInit:  - bUseHttpProxy = false  - Libcurl will NOT use HTTP proxy
LogInit:  - bDontReuseConnections = false  - Libcurl will reuse connections
LogInit:  - MaxHostConnections = 16  - Libcurl will limit the number of connections to a host
LogInit:  - LocalHostAddr = Default
LogInit:  - BufferSize = 65536
LogInit: WinSock: version 1.1 (2.2), MaxSocks=32767, MaxUdp=65467
LogInit: Build: ++UE4+Release-4.21-CL-4753647
LogInit: Engine Version: 4.21.2-4753647+++UE4+Release-4.21
LogInit: Compatible Engine Version: 4.21.0-4541578+++UE4+Release-4.21
LogInit: Net CL: 4541578
LogInit: OS: Windows 10 (), CPU: AMD Ryzen 7 1700 Eight-Core Processor          , GPU: NVIDIA GeForce GTX 1080
LogInit: Compiled (64-bit): Jan 19 2019 02:07:31
LogInit: Compiled with Visual C++: 19.13.26129.00
LogInit: Build Configuration: Development
LogInit: Branch Name: ++UE4+Release-4.21
LogInit: Command Line: 
LogInit: Base Directory: G:/Apps/Epic Games/UE_4.21/Engine/Binaries/Win64/
LogInit: Installed Engine Build: 1
LogDevObjectVersion: Number of dev versions registered: 22
LogDevObjectVersion:   Dev-Blueprints (B0D832E4-1F89-4F0D-ACCF-7EB736FD4AA2): 10
LogDevObjectVersion:   Dev-Build (E1C64328-A22C-4D53-A36C-8E866417BD8C): 0
LogDevObjectVersion:   Dev-Core (375EC13C-06E4-48FB-B500-84F0262A717E): 2
LogDevObjectVersion:   Dev-Editor (E4B068ED-F494-42E9-A231-DA0B2E46BB41): 26
LogDevObjectVersion:   Dev-Framework (CFFC743F-43B0-4480-9391-14DF171D2073): 34
LogDevObjectVersion:   Dev-Mobile (B02B49B5-BB20-44E9-A304-32B752E40360): 2
LogDevObjectVersion:   Dev-Networking (A4E4105C-59A1-49B5-A7C5-40C4547EDFEE): 0
LogDevObjectVersion:   Dev-Online (39C831C9-5AE6-47DC-9A44-9C173E1C8E7C): 0
LogDevObjectVersion:   Dev-Physics (78F01B33-EBEA-4F98-B9B4-84EACCB95AA2): 0
LogDevObjectVersion:   Dev-Platform (6631380F-2D4D-43E0-8009-CF276956A95A): 0
LogDevObjectVersion:   Dev-Rendering (12F88B9F-8875-4AFC-A67C-D90C383ABD29): 27
LogDevObjectVersion:   Dev-Sequencer (7B5AE74C-D270-4C10-A958-57980B212A5A): 9
LogDevObjectVersion:   Dev-VR (D7296918-1DD6-4BDD-9DE2-64A83CC13884): 2
LogDevObjectVersion:   Dev-LoadTimes (C2A15278-BFE7-4AFE-6C17-90FF531DF755): 1
LogDevObjectVersion:   Private-Geometry (6EACA3D4-40EC-4CC1-B786-8BED09428FC5): 3
LogDevObjectVersion:   Dev-AnimPhys (29E575DD-E0A3-4627-9D10-D276232CDCEA): 17
LogDevObjectVersion:   Dev-Anim (AF43A65D-7FD3-4947-9873-3E8ED9C1BB05): 2
LogDevObjectVersion:   Dev-ReflectionCapture (6B266CEC-1EC7-4B8F-A30B-E4D90942FC07): 1
LogDevObjectVersion:   Dev-Automation (0DF73D61-A23F-47EA-B727-89E90C41499A): 1
LogDevObjectVersion:   FortniteMain (601D1886-AC64-4F84-AA16-D3DE0DEAC7D6): 17
LogDevObjectVersion:   Dev-Enterprise (9DFFBCD6-494F-0158-E221-12823C92A888): 4
LogDevObjectVersion:   Dev-Niagara (F2AED0AC-9AFE-416F-8664-AA7FFA26D6FC): 1
LogStreaming: Display: Took  0.000s to delete old logs.
LogInit: Presizing for max 8388607 objects, including 0 objects not considered by GC, pre-allocating 0 bytes for permanent pool.
LogInit: Object subsystem initialized
LogConfig: Setting CVar [[con.DebugEarlyDefault:1]]
LogConfig: Setting CVar [[r.setres:1280x720]]
[2019.04.02-23.50.36:565][  0]LogConfig: Setting CVar [[r.VSync:0]]
[2019.04.02-23.50.36:565][  0]LogConfig: Setting CVar [[r.RHICmdBypass:0]]
[2019.04.02-23.50.36:565][  0]LogConfig: Applying CVar settings from Section [/Script/Engine.RendererSettings] File [X:/Other/UE4/SmollScopeWave/Saved/Config/Windows/Engine.ini]
[2019.04.02-23.50.36:565][  0]LogConfig: Setting CVar [[r.GPUCrashDebugging:0]]
[2019.04.02-23.50.36:565][  0]LogConfig: Applying CVar settings from Section [/Script/Engine.RendererOverrideSettings] File [X:/Other/UE4/SmollScopeWave/Saved/Config/Windows/Engine.ini]
[2019.04.02-23.50.36:565][  0]LogConfig: Applying CVar settings from Section [/Script/Engine.StreamingSettings] File [X:/Other/UE4/SmollScopeWave/Saved/Config/Windows/Engine.ini]
[2019.04.02-23.50.36:565][  0]LogConfig: Setting CVar [[s.MinBulkDataSizeForAsyncLoading:131072]]
[2019.04.02-23.50.36:565][  0]LogConfig: Setting CVar [[s.AsyncLoadingThreadEnabled:0]]
[2019.04.02-23.50.36:566][  0]LogConfig: Setting CVar [[s.EventDrivenLoaderEnabled:1]]
[2019.04.02-23.50.36:566][  0]LogConfig: Setting CVar [[s.WarnIfTimeLimitExceeded:0]]
[2019.04.02-23.50.36:566][  0]LogConfig: Setting CVar [[s.TimeLimitExceededMultiplier:1.5]]
[2019.04.02-23.50.36:566][  0]LogConfig: Setting CVar [[s.TimeLimitExceededMinTime:0.005]]
[2019.04.02-23.50.36:566][  0]LogConfig: Setting CVar [[s.UseBackgroundLevelStreaming:1]]
[2019.04.02-23.50.36:566][  0]LogConfig: Setting CVar [[s.PriorityAsyncLoadingExtraTime:15.0]]
[2019.04.02-23.50.36:566][  0]LogConfig: Setting CVar [[s.LevelStreamingActorsUpdateTimeLimit:5.0]]
[2019.04.02-23.50.36:566][  0]LogConfig: Setting CVar [[s.PriorityLevelStreamingActorsUpdateExtraTime:5.0]]
[2019.04.02-23.50.36:566][  0]LogConfig: Setting CVar [[s.LevelStreamingComponentsRegistrationGranularity:10]]
[2019.04.02-23.50.36:566][  0]LogConfig: Setting CVar [[s.UnregisterComponentsTimeLimit:1.0]]
[2019.04.02-23.50.36:566][  0]LogConfig: Setting CVar [[s.LevelStreamingComponentsUnregistrationGranularity:5]]
[2019.04.02-23.50.36:566][  0]LogConfig: Applying CVar settings from Section [/Script/Engine.GarbageCollectionSettings] File [X:/Other/UE4/SmollScopeWave/Saved/Config/Windows/Engine.ini]
[2019.04.02-23.50.36:566][  0]LogConfig: Setting CVar [[gc.MaxObjectsNotConsideredByGC:1]]
[2019.04.02-23.50.36:566][  0]LogConfig: Setting CVar [[gc.SizeOfPermanentObjectPool:0]]
[2019.04.02-23.50.36:566][  0]LogConfig: Setting CVar [[gc.FlushStreamingOnGC:0]]
[2019.04.02-23.50.36:566][  0]LogConfig: Setting CVar [[gc.NumRetriesBeforeForcingGC:10]]
[2019.04.02-23.50.36:566][  0]LogConfig: Setting CVar [[gc.AllowParallelGC:1]]
[2019.04.02-23.50.36:566][  0]LogConfig: Setting CVar [[gc.TimeBetweenPurgingPendingKillObjects:61.1]]
[2019.04.02-23.50.36:566][  0]LogConfig: Setting CVar [[gc.MaxObjectsInEditor:8388607]]
[2019.04.02-23.50.36:566][  0]LogConfig: Setting CVar [[gc.IncrementalBeginDestroyEnabled:1]]
[2019.04.02-23.50.36:566][  0]LogConfig: Setting CVar [[gc.CreateGCClusters:1]]
[2019.04.02-23.50.36:566][  0]LogConfig: Setting CVar [[gc.MergeGCClusters:0]]
[2019.04.02-23.50.36:566][  0]LogConfig: Setting CVar [[gc.MinGCClusterSize:5]]
[2019.04.02-23.50.36:566][  0]LogConfig: Setting CVar [[gc.ActorClusteringEnabled:0]]
[2019.04.02-23.50.36:566][  0]LogConfig: Setting CVar [[gc.BlueprintClusteringEnabled:0]]
[2019.04.02-23.50.36:566][  0]LogConfig: Setting CVar [[gc.UseDisregardForGCOnDedicatedServers:0]]
[2019.04.02-23.50.36:566][  0]LogConfig: Applying CVar settings from Section [/Script/Engine.NetworkSettings] File [X:/Other/UE4/SmollScopeWave/Saved/Config/Windows/Engine.ini]
[2019.04.02-23.50.36:566][  0]LogConfig: Applying CVar settings from Section [/Script/UnrealEd.CookerSettings] File [X:/Other/UE4/SmollScopeWave/Saved/Config/Windows/Engine.ini]
[2019.04.02-23.50.36:572][  0]LogConfig: Applying CVar settings from Section [ViewDistanceQuality@3] File [X:/Other/UE4/SmollScopeWave/Saved/Config/Windows/Scalability.ini]
[2019.04.02-23.50.36:572][  0]LogConfig: Setting CVar [[r.SkeletalMeshLODBias:0]]
[2019.04.02-23.50.36:572][  0]LogConfig: Setting CVar [[r.ViewDistanceScale:1.0]]
[2019.04.02-23.50.36:572][  0]LogConfig: Applying CVar settings from Section [AntiAliasingQuality@3] File [X:/Other/UE4/SmollScopeWave/Saved/Config/Windows/Scalability.ini]
[2019.04.02-23.50.36:572][  0]LogConfig: Setting CVar [[r.PostProcessAAQuality:4]]
[2019.04.02-23.50.36:572][  0]LogConfig: Applying CVar settings from Section [ShadowQuality@3] File [X:/Other/UE4/SmollScopeWave/Saved/Config/Windows/Scalability.ini]
[2019.04.02-23.50.36:572][  0]LogConfig: Setting CVar [[r.LightFunctionQuality:1]]
[2019.04.02-23.50.36:572][  0]LogConfig: Setting CVar [[r.ShadowQuality:5]]
[2019.04.02-23.50.36:572][  0]LogConfig: Setting CVar [[r.Shadow.CSM.MaxCascades:10]]
[2019.04.02-23.50.36:572][  0]LogConfig: Setting CVar [[r.Shadow.MaxResolution:2048]]
[2019.04.02-23.50.36:572][  0]LogConfig: Setting CVar [[r.Shadow.MaxCSMResolution:2048]]
[2019.04.02-23.50.36:573][  0]LogConfig: Setting CVar [[r.Shadow.RadiusThreshold:0.01]]
[2019.04.02-23.50.36:573][  0]LogConfig: Setting CVar [[r.Shadow.DistanceScale:1.0]]
[2019.04.02-23.50.36:573][  0]LogConfig: Setting CVar [[r.Shadow.CSM.TransitionScale:1.0]]
[2019.04.02-23.50.36:573][  0]LogConfig: Setting CVar [[r.Shadow.PreShadowResolutionFactor:1.0]]
[2019.04.02-23.50.36:573][  0]LogConfig: Setting CVar [[r.DistanceFieldShadowing:1]]
[2019.04.02-23.50.36:573][  0]LogConfig: Setting CVar [[r.DistanceFieldAO:1]]
[2019.04.02-23.50.36:573][  0]LogConfig: Setting CVar [[r.AOQuality:2]]
[2019.04.02-23.50.36:573][  0]LogConfig: Setting CVar [[r.VolumetricFog:1]]
[2019.04.02-23.50.36:573][  0]LogConfig: Setting CVar [[r.VolumetricFog.GridPixelSize:8]]
[2019.04.02-23.50.36:573][  0]LogConfig: Setting CVar [[r.VolumetricFog.GridSizeZ:128]]
[2019.04.02-23.50.36:573][  0]LogConfig: Setting CVar [[r.VolumetricFog.HistoryMissSupersampleCount:4]]
[2019.04.02-23.50.36:573][  0]LogConfig: Setting CVar [[r.LightMaxDrawDistanceScale:1]]
[2019.04.02-23.50.36:573][  0]LogConfig: Setting CVar [[r.CapsuleShadows:1]]
[2019.04.02-23.50.36:573][  0]LogConfig: Applying CVar settings from Section [PostProcessQuality@3] File [X:/Other/UE4/SmollScopeWave/Saved/Config/Windows/Scalability.ini]
[2019.04.02-23.50.36:573][  0]LogConfig: Setting CVar [[r.MotionBlurQuality:4]]
[2019.04.02-23.50.36:573][  0]LogConfig: Setting CVar [[r.AmbientOcclusionMipLevelFactor:0.4]]
[2019.04.02-23.50.36:573][  0]LogConfig: Setting CVar [[r.AmbientOcclusionMaxQuality:100]]
[2019.04.02-23.50.36:573][  0]LogConfig: Setting CVar [[r.AmbientOcclusionLevels:-1]]
[2019.04.02-23.50.36:573][  0]LogConfig: Setting CVar [[r.AmbientOcclusionRadiusScale:1.0]]
[2019.04.02-23.50.36:573][  0]LogConfig: Setting CVar [[r.DepthOfFieldQuality:2]]
[2019.04.02-23.50.36:573][  0]LogConfig: Setting CVar [[r.RenderTargetPoolMin:400]]
[2019.04.02-23.50.36:573][  0]LogConfig: Setting CVar [[r.LensFlareQuality:2]]
[2019.04.02-23.50.36:573][  0]LogConfig: Setting CVar [[r.SceneColorFringeQuality:1]]
[2019.04.02-23.50.36:573][  0]LogConfig: Setting CVar [[r.EyeAdaptationQuality:2]]
[2019.04.02-23.50.36:573][  0]LogConfig: Setting CVar [[r.BloomQuality:5]]
[2019.04.02-23.50.36:573][  0]LogConfig: Setting CVar [[r.FastBlurThreshold:100]]
[2019.04.02-23.50.36:573][  0]LogConfig: Setting CVar [[r.Upscale.Quality:3]]
[2019.04.02-23.50.36:573][  0]LogConfig: Setting CVar [[r.Tonemapper.GrainQuantization:1]]
[2019.04.02-23.50.36:573][  0]LogConfig: Setting CVar [[r.LightShaftQuality:1]]
[2019.04.02-23.50.36:573][  0]LogConfig: Setting CVar [[r.Filter.SizeScale:1]]
[2019.04.02-23.50.36:573][  0]LogConfig: Setting CVar [[r.Tonemapper.Quality:5]]
[2019.04.02-23.50.36:573][  0]LogConfig: Setting CVar [[r.DOF.Gather.AccumulatorQuality:1        ; higher gathering accumulator quality]]
[2019.04.02-23.50.36:573][  0]LogConfig: Setting CVar [[r.DOF.Gather.PostfilterMethod:1          ; Median3x3 postfilering method]]
[2019.04.02-23.50.36:573][  0]LogConfig: Setting CVar [[r.DOF.Gather.EnableBokehSettings:0       ; no bokeh simulation when gathering]]
[2019.04.02-23.50.36:573][  0]LogConfig: Setting CVar [[r.DOF.Gather.RingCount:4                 ; medium number of samples when gathering]]
[2019.04.02-23.50.36:573][  0]LogConfig: Setting CVar [[r.DOF.Scatter.ForegroundCompositing:1    ; additive foreground scattering]]
[2019.04.02-23.50.36:573][  0]LogConfig: Setting CVar [[r.DOF.Scatter.BackgroundCompositing:2    ; additive background scattering]]
[2019.04.02-23.50.36:573][  0]LogConfig: Setting CVar [[r.DOF.Scatter.EnableBokehSettings:1      ; bokeh simulation when scattering]]
[2019.04.02-23.50.36:573][  0]LogConfig: Setting CVar [[r.DOF.Scatter.MaxSpriteRatio:0.1         ; only a maximum of 10% of scattered bokeh]]
[2019.04.02-23.50.36:573][  0]LogConfig: Setting CVar [[r.DOF.Recombine.Quality:1                ; cheap slight out of focus]]
[2019.04.02-23.50.36:573][  0]LogConfig: Setting CVar [[r.DOF.Recombine.EnableBokehSettings:0    ; no bokeh simulation on slight out of focus]]
[2019.04.02-23.50.36:573][  0]LogConfig: Setting CVar [[r.DOF.TemporalAAQuality:1                ; more stable temporal accumulation]]
[2019.04.02-23.50.36:573][  0]LogConfig: Setting CVar [[r.DOF.Kernel.MaxForegroundRadius:0.025]]
[2019.04.02-23.50.36:573][  0]LogConfig: Setting CVar [[r.DOF.Kernel.MaxBackgroundRadius:0.025]]
[2019.04.02-23.50.36:573][  0]LogConfig: Applying CVar settings from Section [TextureQuality@3] File [X:/Other/UE4/SmollScopeWave/Saved/Config/Windows/Scalability.ini]
[2019.04.02-23.50.36:573][  0]LogConfig: Setting CVar [[r.Streaming.MipBias:0]]
[2019.04.02-23.50.36:573][  0]LogConfig: Setting CVar [[r.Streaming.AmortizeCPUToGPUCopy:0]]
[2019.04.02-23.50.36:573][  0]LogConfig: Setting CVar [[r.Streaming.MaxNumTexturesToStreamPerFrame:0]]
[2019.04.02-23.50.36:573][  0]LogConfig: Setting CVar [[r.Streaming.Boost:1]]
[2019.04.02-23.50.36:573][  0]LogConfig: Setting CVar [[r.MaxAnisotropy:8]]
[2019.04.02-23.50.36:573][  0]LogConfig: Setting CVar [[r.Streaming.LimitPoolSizeToVRAM:0]]
[2019.04.02-23.50.36:573][  0]LogConfig: Setting CVar [[r.Streaming.PoolSize:1000]]
[2019.04.02-23.50.36:573][  0]LogConfig: Setting CVar [[r.Streaming.MaxEffectiveScreenSize:0]]
[2019.04.02-23.50.36:573][  0]LogConfig: Applying CVar settings from Section [EffectsQuality@3] File [X:/Other/UE4/SmollScopeWave/Saved/Config/Windows/Scalability.ini]
[2019.04.02-23.50.36:573][  0]LogConfig: Setting CVar [[r.TranslucencyLightingVolumeDim:64]]
[2019.04.02-23.50.36:573][  0]LogConfig: Setting CVar [[r.RefractionQuality:2]]
[2019.04.02-23.50.36:573][  0]LogConfig: Setting CVar [[r.SSR.Quality:3]]
[2019.04.02-23.50.36:573][  0]LogConfig: Setting CVar [[r.SceneColorFormat:4]]
[2019.04.02-23.50.36:573][  0]LogConfig: Setting CVar [[r.DetailMode:2]]
[2019.04.02-23.50.36:573][  0]LogConfig: Setting CVar [[r.TranslucencyVolumeBlur:1]]
[2019.04.02-23.50.36:573][  0]LogConfig: Setting CVar [[r.MaterialQualityLevel:1 ; High quality]]
[2019.04.02-23.50.36:573][  0]LogConfig: Setting CVar [[r.SSS.Scale:1]]
[2019.04.02-23.50.36:573][  0]LogConfig: Setting CVar [[r.SSS.SampleSet:2]]
[2019.04.02-23.50.36:573][  0]LogConfig: Setting CVar [[r.SSS.Quality:1]]
[2019.04.02-23.50.36:573][  0]LogConfig: Setting CVar [[r.SSS.HalfRes:1]]
[2019.04.02-23.50.36:573][  0]LogConfig: Setting CVar [[r.EmitterSpawnRateScale:1.0]]
[2019.04.02-23.50.36:573][  0]LogConfig: Setting CVar [[r.ParticleLightQuality:2]]
[2019.04.02-23.50.36:573][  0]LogConfig: Applying CVar settings from Section [FoliageQuality@3] File [X:/Other/UE4/SmollScopeWave/Saved/Config/Windows/Scalability.ini]
[2019.04.02-23.50.36:573][  0]LogConfig: Setting CVar [[foliage.DensityScale:1.0]]
[2019.04.02-23.50.36:573][  0]LogConfig: Setting CVar [[grass.DensityScale:1.0]]
[2019.04.02-23.50.36:573][  0]LogInit: Selected Device Profile: [Windows]
[2019.04.02-23.50.36:573][  0]LogInit: Applying CVar settings loaded from the selected device profile: [Windows]
[2019.04.02-23.50.36:607][  0]LogHAL: Display: Platform has ~ 16 GB [17112879104 / 17179869184 / 16], which maps to Larger [LargestMinGB=32, LargerMinGB=12, DefaultMinGB=8, SmallerMinGB=6, SmallestMinGB=0)
[2019.04.02-23.50.36:607][  0]LogConfig: Setting CVar [[r.Vulkan.UseRealUBs:1]]
[2019.04.02-23.50.36:607][  0]LogInit: Going up to parent DeviceProfile []
[2019.04.02-23.50.36:607][  0]LogConfig: Applying CVar settings from Section [ViewDistanceQuality@3] File [X:/Other/UE4/SmollScopeWave/Saved/Config/Windows/Scalability.ini]
[2019.04.02-23.50.36:607][  0]LogConfig: Setting CVar [[r.SkeletalMeshLODBias:0]]
[2019.04.02-23.50.36:607][  0]LogConfig: Setting CVar [[r.ViewDistanceScale:1.0]]
[2019.04.02-23.50.36:607][  0]LogConfig: Applying CVar settings from Section [AntiAliasingQuality@3] File [X:/Other/UE4/SmollScopeWave/Saved/Config/Windows/Scalability.ini]
[2019.04.02-23.50.36:607][  0]LogConfig: Setting CVar [[r.PostProcessAAQuality:4]]
[2019.04.02-23.50.36:607][  0]LogConfig: Applying CVar settings from Section [ShadowQuality@3] File [X:/Other/UE4/SmollScopeWave/Saved/Config/Windows/Scalability.ini]
[2019.04.02-23.50.36:607][  0]LogConfig: Setting CVar [[r.LightFunctionQuality:1]]
[2019.04.02-23.50.36:607][  0]LogConfig: Setting CVar [[r.ShadowQuality:5]]
[2019.04.02-23.50.36:607][  0]LogConfig: Setting CVar [[r.Shadow.CSM.MaxCascades:10]]
[2019.04.02-23.50.36:607][  0]LogConfig: Setting CVar [[r.Shadow.MaxResolution:2048]]
[2019.04.02-23.50.36:607][  0]LogConfig: Setting CVar [[r.Shadow.MaxCSMResolution:2048]]
[2019.04.02-23.50.36:607][  0]LogConfig: Setting CVar [[r.Shadow.RadiusThreshold:0.01]]
[2019.04.02-23.50.36:607][  0]LogConfig: Setting CVar [[r.Shadow.DistanceScale:1.0]]
[2019.04.02-23.50.36:607][  0]LogConfig: Setting CVar [[r.Shadow.CSM.TransitionScale:1.0]]
[2019.04.02-23.50.36:607][  0]LogConfig: Setting CVar [[r.Shadow.PreShadowResolutionFactor:1.0]]
[2019.04.02-23.50.36:607][  0]LogConfig: Setting CVar [[r.DistanceFieldShadowing:1]]
[2019.04.02-23.50.36:607][  0]LogConfig: Setting CVar [[r.DistanceFieldAO:1]]
[2019.04.02-23.50.36:607][  0]LogConfig: Setting CVar [[r.AOQuality:2]]
[2019.04.02-23.50.36:607][  0]LogConfig: Setting CVar [[r.VolumetricFog:1]]
[2019.04.02-23.50.36:607][  0]LogConfig: Setting CVar [[r.VolumetricFog.GridPixelSize:8]]
[2019.04.02-23.50.36:607][  0]LogConfig: Setting CVar [[r.VolumetricFog.GridSizeZ:128]]
[2019.04.02-23.50.36:607][  0]LogConfig: Setting CVar [[r.VolumetricFog.HistoryMissSupersampleCount:4]]
[2019.04.02-23.50.36:607][  0]LogConfig: Setting CVar [[r.LightMaxDrawDistanceScale:1]]
[2019.04.02-23.50.36:607][  0]LogConfig: Setting CVar [[r.CapsuleShadows:1]]
[2019.04.02-23.50.36:607][  0]LogConfig: Applying CVar settings from Section [PostProcessQuality@3] File [X:/Other/UE4/SmollScopeWave/Saved/Config/Windows/Scalability.ini]
[2019.04.02-23.50.36:607][  0]LogConfig: Setting CVar [[r.MotionBlurQuality:4]]
[2019.04.02-23.50.36:607][  0]LogConfig: Setting CVar [[r.AmbientOcclusionMipLevelFactor:0.4]]
[2019.04.02-23.50.36:607][  0]LogConfig: Setting CVar [[r.AmbientOcclusionMaxQuality:100]]
[2019.04.02-23.50.36:607][  0]LogConfig: Setting CVar [[r.AmbientOcclusionLevels:-1]]
[2019.04.02-23.50.36:607][  0]LogConfig: Setting CVar [[r.AmbientOcclusionRadiusScale:1.0]]
[2019.04.02-23.50.36:607][  0]LogConfig: Setting CVar [[r.DepthOfFieldQuality:2]]
[2019.04.02-23.50.36:607][  0]LogConfig: Setting CVar [[r.RenderTargetPoolMin:400]]
[2019.04.02-23.50.36:607][  0]LogConfig: Setting CVar [[r.LensFlareQuality:2]]
[2019.04.02-23.50.36:607][  0]LogConfig: Setting CVar [[r.SceneColorFringeQuality:1]]
[2019.04.02-23.50.36:607][  0]LogConfig: Setting CVar [[r.EyeAdaptationQuality:2]]
[2019.04.02-23.50.36:608][  0]LogConfig: Setting CVar [[r.BloomQuality:5]]
[2019.04.02-23.50.36:608][  0]LogConfig: Setting CVar [[r.FastBlurThreshold:100]]
[2019.04.02-23.50.36:608][  0]LogConfig: Setting CVar [[r.Upscale.Quality:3]]
[2019.04.02-23.50.36:608][  0]LogConfig: Setting CVar [[r.Tonemapper.GrainQuantization:1]]
[2019.04.02-23.50.36:608][  0]LogConfig: Setting CVar [[r.LightShaftQuality:1]]
[2019.04.02-23.50.36:608][  0]LogConfig: Setting CVar [[r.Filter.SizeScale:1]]
[2019.04.02-23.50.36:608][  0]LogConfig: Setting CVar [[r.Tonemapper.Quality:5]]
[2019.04.02-23.50.36:608][  0]LogConfig: Setting CVar [[r.DOF.Gather.AccumulatorQuality:1        ; higher gathering accumulator quality]]
[2019.04.02-23.50.36:608][  0]LogConfig: Setting CVar [[r.DOF.Gather.PostfilterMethod:1          ; Median3x3 postfilering method]]
[2019.04.02-23.50.36:608][  0]LogConfig: Setting CVar [[r.DOF.Gather.EnableBokehSettings:0       ; no bokeh simulation when gathering]]
[2019.04.02-23.50.36:608][  0]LogConfig: Setting CVar [[r.DOF.Gather.RingCount:4                 ; medium number of samples when gathering]]
[2019.04.02-23.50.36:608][  0]LogConfig: Setting CVar [[r.DOF.Scatter.ForegroundCompositing:1    ; additive foreground scattering]]
[2019.04.02-23.50.36:608][  0]LogConfig: Setting CVar [[r.DOF.Scatter.BackgroundCompositing:2    ; additive background scattering]]
[2019.04.02-23.50.36:608][  0]LogConfig: Setting CVar [[r.DOF.Scatter.EnableBokehSettings:1      ; bokeh simulation when scattering]]
[2019.04.02-23.50.36:608][  0]LogConfig: Setting CVar [[r.DOF.Scatter.MaxSpriteRatio:0.1         ; only a maximum of 10% of scattered bokeh]]
[2019.04.02-23.50.36:608][  0]LogConfig: Setting CVar [[r.DOF.Recombine.Quality:1                ; cheap slight out of focus]]
[2019.04.02-23.50.36:608][  0]LogConfig: Setting CVar [[r.DOF.Recombine.EnableBokehSettings:0    ; no bokeh simulation on slight out of focus]]
[2019.04.02-23.50.36:608][  0]LogConfig: Setting CVar [[r.DOF.TemporalAAQuality:1                ; more stable temporal accumulation]]
[2019.04.02-23.50.36:608][  0]LogConfig: Setting CVar [[r.DOF.Kernel.MaxForegroundRadius:0.025]]
[2019.04.02-23.50.36:608][  0]LogConfig: Setting CVar [[r.DOF.Kernel.MaxBackgroundRadius:0.025]]
[2019.04.02-23.50.36:608][  0]LogConfig: Applying CVar settings from Section [TextureQuality@3] File [X:/Other/UE4/SmollScopeWave/Saved/Config/Windows/Scalability.ini]
[2019.04.02-23.50.36:608][  0]LogConfig: Setting CVar [[r.Streaming.MipBias:0]]
[2019.04.02-23.50.36:608][  0]LogConfig: Setting CVar [[r.Streaming.AmortizeCPUToGPUCopy:0]]
[2019.04.02-23.50.36:608][  0]LogConfig: Setting CVar [[r.Streaming.MaxNumTexturesToStreamPerFrame:0]]
[2019.04.02-23.50.36:608][  0]LogConfig: Setting CVar [[r.Streaming.Boost:1]]
[2019.04.02-23.50.36:608][  0]LogConfig: Setting CVar [[r.MaxAnisotropy:8]]
[2019.04.02-23.50.36:608][  0]LogConfig: Setting CVar [[r.Streaming.LimitPoolSizeToVRAM:0]]
[2019.04.02-23.50.36:608][  0]LogConfig: Setting CVar [[r.Streaming.PoolSize:1000]]
[2019.04.02-23.50.36:608][  0]LogConfig: Setting CVar [[r.Streaming.MaxEffectiveScreenSize:0]]
[2019.04.02-23.50.36:608][  0]LogConfig: Applying CVar settings from Section [EffectsQuality@3] File [X:/Other/UE4/SmollScopeWave/Saved/Config/Windows/Scalability.ini]
[2019.04.02-23.50.36:608][  0]LogConfig: Setting CVar [[r.TranslucencyLightingVolumeDim:64]]
[2019.04.02-23.50.36:608][  0]LogConfig: Setting CVar [[r.RefractionQuality:2]]
[2019.04.02-23.50.36:608][  0]LogConfig: Setting CVar [[r.SSR.Quality:3]]
[2019.04.02-23.50.36:608][  0]LogConfig: Setting CVar [[r.SceneColorFormat:4]]
[2019.04.02-23.50.36:608][  0]LogConfig: Setting CVar [[r.DetailMode:2]]
[2019.04.02-23.50.36:608][  0]LogConfig: Setting CVar [[r.TranslucencyVolumeBlur:1]]
[2019.04.02-23.50.36:608][  0]LogConfig: Setting CVar [[r.MaterialQualityLevel:1 ; High quality]]
[2019.04.02-23.50.36:608][  0]LogConfig: Setting CVar [[r.SSS.Scale:1]]
[2019.04.02-23.50.36:608][  0]LogConfig: Setting CVar [[r.SSS.SampleSet:2]]
[2019.04.02-23.50.36:608][  0]LogConfig: Setting CVar [[r.SSS.Quality:1]]
[2019.04.02-23.50.36:608][  0]LogConfig: Setting CVar [[r.SSS.HalfRes:1]]
[2019.04.02-23.50.36:608][  0]LogConfig: Setting CVar [[r.EmitterSpawnRateScale:1.0]]
[2019.04.02-23.50.36:608][  0]LogConfig: Setting CVar [[r.ParticleLightQuality:2]]
[2019.04.02-23.50.36:608][  0]LogConfig: Applying CVar settings from Section [FoliageQuality@3] File [X:/Other/UE4/SmollScopeWave/Saved/Config/Windows/Scalability.ini]
[2019.04.02-23.50.36:608][  0]LogConfig: Setting CVar [[foliage.DensityScale:1.0]]
[2019.04.02-23.50.36:608][  0]LogConfig: Setting CVar [[grass.DensityScale:1.0]]
[2019.04.02-23.50.36:608][  0]LogConfig: Applying CVar settings from Section [Startup] File [../../../Engine/Config/ConsoleVariables.ini]
[2019.04.02-23.50.36:608][  0]LogConfig: Setting CVar [[net.UseAdaptiveNetUpdateFrequency:0]]
[2019.04.02-23.50.36:608][  0]LogConfig: Applying CVar settings from Section [ConsoleVariables] File [X:/Other/UE4/SmollScopeWave/Saved/Config/Windows/Engine.ini]
[2019.04.02-23.50.36:608][  0]LogInit: Computer: UNICORN_9000
[2019.04.02-23.50.36:608][  0]LogInit: User: bzjas
[2019.04.02-23.50.36:608][  0]LogInit: CPU Page size=4096, Cores=8
[2019.04.02-23.50.36:608][  0]LogInit: High frequency timer resolution =10.000000 MHz
[2019.04.02-23.50.36:609][  0]LogMemory: Memory total: Physical=15.9GB (16GB approx)
[2019.04.02-23.50.36:609][  0]LogMemory: Platform Memory Stats for Windows
[2019.04.02-23.50.36:609][  0]LogMemory: Process Physical Memory: 110.54 MB used, 110.55 MB peak
[2019.04.02-23.50.36:609][  0]LogMemory: Process Virtual Memory: 101.37 MB used, 101.37 MB peak
[2019.04.02-23.50.36:609][  0]LogMemory: Physical Memory: 9326.12 MB used,  6994.00 MB free, 16320.11 MB total
[2019.04.02-23.50.36:609][  0]LogMemory: Virtual Memory: 4712.10 MB used,  134213016.00 MB free, 134217728.00 MB total
[2019.04.02-23.50.37:446][  0]LogInit: Using OS detected language (en-GB).
[2019.04.02-23.50.37:446][  0]LogInit: Using OS detected locale (en-GB).
[2019.04.02-23.50.37:448][  0]LogTextLocalizationManager: No specific localization for 'en-GB' exists, so the 'en' localization will be used.
[2019.04.02-23.50.37:889][  0]LogStreaming: Display: Took  0.444s to InitEngineTextLocalization.
[2019.04.02-23.50.37:889][  0]LogInit: Setting process to per monitor DPI aware
[2019.04.02-23.50.37:919][  0]LogSlate: New Slate User Created.  User Index 0, Is Virtual User: 0
[2019.04.02-23.50.37:920][  0]LogSlate: Slate User Registered.  User Index 0, Is Virtual User: 0
[2019.04.02-23.50.38:259][  0]LogD3D11RHI: D3D11 adapters:
[2019.04.02-23.50.38:312][  0]LogD3D11RHI:    0. 'NVIDIA GeForce GTX 1080' (Feature Level 11_0)
[2019.04.02-23.50.38:312][  0]LogD3D11RHI:       8079/0/8160 MB DedicatedVideo/DedicatedSystem/SharedSystem, Outputs:2, VendorId:0x10de
[2019.04.02-23.50.38:315][  0]LogD3D11RHI:    1. 'Microsoft Basic Render Driver' (Feature Level 11_0)
[2019.04.02-23.50.38:315][  0]LogD3D11RHI:       0/0/8160 MB DedicatedVideo/DedicatedSystem/SharedSystem, Outputs:0, VendorId:0x1414
[2019.04.02-23.50.38:315][  0]LogD3D11RHI: Chosen D3D11 Adapter: 0
[2019.04.02-23.50.38:324][  0]LogD3D11RHI: Creating new Direct3DDevice
[2019.04.02-23.50.38:324][  0]LogD3D11RHI:     GPU DeviceId: 0x1b80 (for the marketing name, search the web for "GPU Device Id")
[2019.04.02-23.50.38:324][  0]LogWindows: EnumDisplayDevices:
[2019.04.02-23.50.38:324][  0]LogWindows:    0. 'NVIDIA GeForce GTX 1080' (P:1 D:1)
[2019.04.02-23.50.38:325][  0]LogWindows:    1. 'NVIDIA GeForce GTX 1080' (P:0 D:1)
[2019.04.02-23.50.38:325][  0]LogWindows:    2. 'NVIDIA GeForce GTX 1080' (P:0 D:0)
[2019.04.02-23.50.38:325][  0]LogWindows:    3. 'NVIDIA GeForce GTX 1080' (P:0 D:0)
[2019.04.02-23.50.38:325][  0]LogWindows: DebugString: FoundDriverCount:4 
[2019.04.02-23.50.38:325][  0]LogD3D11RHI:     Adapter Name: NVIDIA GeForce GTX 1080
[2019.04.02-23.50.38:325][  0]LogD3D11RHI:   Driver Version: 399.24 (internal:24.21.13.9924, unified:399.24)
[2019.04.02-23.50.38:325][  0]LogD3D11RHI:      Driver Date: 9-5-2018
[2019.04.02-23.50.38:325][  0]LogRHI: Texture pool is 5655 MB (70% of 8079 MB)
[2019.04.02-23.50.38:368][  0]LogD3D11RHI: Async texture creation enabled
[2019.04.02-23.50.38:385][  0]LogD3D11RHI: GPU Timing Frequency: 1000.000000 (Debug: 2 2)
[2019.04.02-23.50.38:758][  0]LogTemp: Display: Loaded TP AllDesktopTargetPlatform
[2019.04.02-23.50.38:771][  0]LogTemp: Display: Loaded TP MacClientTargetPlatform
[2019.04.02-23.50.38:786][  0]LogTemp: Display: Loaded TP MacNoEditorTargetPlatform
[2019.04.02-23.50.38:799][  0]LogTemp: Display: Loaded TP MacServerTargetPlatform
[2019.04.02-23.50.38:814][  0]LogTemp: Display: Loaded TP MacTargetPlatform
[2019.04.02-23.50.38:828][  0]LogTemp: Display: Loaded TP WindowsClientTargetPlatform
[2019.04.02-23.50.38:842][  0]LogTemp: Display: Loaded TP WindowsNoEditorTargetPlatform
[2019.04.02-23.50.38:856][  0]LogTemp: Display: Loaded TP WindowsServerTargetPlatform
[2019.04.02-23.50.38:862][  0]LogTemp: Display: Loaded TP WindowsTargetPlatform
[2019.04.02-23.50.38:950][  0]LogTemp: Display: Loaded TP AndroidTargetPlatform
[2019.04.02-23.50.38:950][  0]LogTemp: Display: Loaded TP AndroidTargetPlatform
[2019.04.02-23.50.38:950][  0]LogTemp: Display: Loaded TP AndroidTargetPlatform
[2019.04.02-23.50.38:950][  0]LogTemp: Display: Loaded TP AndroidTargetPlatform
[2019.04.02-23.50.38:950][  0]LogTemp: Display: Loaded TP AndroidTargetPlatform
[2019.04.02-23.50.38:950][  0]LogTemp: Display: Loaded TP AndroidTargetPlatform
[2019.04.02-23.50.38:950][  0]LogTemp: Display: Loaded TP AndroidTargetPlatform
[2019.04.02-23.50.38:950][  0]LogTemp: Display: Loaded TP AndroidTargetPlatform
[2019.04.02-23.50.38:950][  0]LogTemp: Display: Loaded TP AndroidTargetPlatform
[2019.04.02-23.50.38:950][  0]LogTemp: Display: Loaded TP AndroidTargetPlatform
[2019.04.02-23.50.38:950][  0]LogTemp: Display: Loaded TP AndroidTargetPlatform
[2019.04.02-23.50.38:950][  0]LogTemp: Display: Loaded TP AndroidTargetPlatform
[2019.04.02-23.50.38:951][  0]LogTemp: Display: Loaded TP AndroidTargetPlatform
[2019.04.02-23.50.38:951][  0]LogTemp: Display: Loaded TP AndroidTargetPlatform
[2019.04.02-23.50.38:951][  0]LogTemp: Display: Loaded TP AndroidTargetPlatform
[2019.04.02-23.50.38:951][  0]LogTemp: Display: Loaded TP AndroidTargetPlatform
[2019.04.02-23.50.38:951][  0]LogTemp: Display: Loaded TP AndroidTargetPlatform
[2019.04.02-23.50.38:951][  0]LogTemp: Display: Loaded TP AndroidTargetPlatform
[2019.04.02-23.50.38:952][  0]LogTemp: Display: Loaded TP HTML5TargetPlatform
[2019.04.02-23.50.39:014][  0]LogTemp: Display: Loaded TP IOSTargetPlatform
[2019.04.02-23.50.39:014][  0]LogTemp: Display: Loaded TP IOSTargetPlatform
[2019.04.02-23.50.39:039][  0]LogTemp: Display: Loaded TP TVOSTargetPlatform
[2019.04.02-23.50.39:039][  0]LogTemp: Display: Loaded TP TVOSTargetPlatform
[2019.04.02-23.50.39:052][  0]LogTemp: Display: Loaded TP LinuxClientTargetPlatform
[2019.04.02-23.50.39:066][  0]LogTemp: Display: Loaded TP LinuxNoEditorTargetPlatform
[2019.04.02-23.50.39:079][  0]LogTemp: Display: Loaded TP LinuxServerTargetPlatform
[2019.04.02-23.50.39:094][  0]LogTemp: Display: Loaded TP LinuxTargetPlatform
[2019.04.02-23.50.39:143][  0]LogTemp: Display: Loaded TP LuminTargetPlatform
[2019.04.02-23.50.39:143][  0]LogTemp: Display: Loaded TP LuminTargetPlatform
[2019.04.02-23.50.39:143][  0]LogTargetPlatformManager: Display: Building Assets For Windows
[2019.04.02-23.50.39:191][  0]LogShaderCompilers: Guid format shader working directory is 19 characters bigger than the processId version (X:/Other/UE4/SmollScopeWave/Intermediate/Shaders/WorkingDirectory/2448/).
[2019.04.02-23.50.39:191][  0]LogShaderCompilers: Cleaned the shader compiler working directory 'C:/Users/bzjas/AppData/Local/Temp/UnrealShaderWorkingDir/026223464E90D192CCDC3D8E9D830181/'.
[2019.04.02-23.50.39:192][  0]LogXGEController: Cannot use XGE Controller as Incredibuild is not installed on this machine.
[2019.04.02-23.50.39:192][  0]LogShaderCompilers: Cannot use XGE Shader Compiler as Incredibuild is not installed on this machine.
[2019.04.02-23.50.39:192][  0]LogShaderCompilers: Display: Using Local Shader Compiler.
[2019.04.02-23.50.39:765][  0]LogDerivedDataCache: Display: Max Cache Size: 512 MB
[2019.04.02-23.50.39:942][  0]LogDerivedDataCache: Loaded boot cache 0.18s 71MB C:/Users/bzjas/AppData/Local/UnrealEngine/4.21/DerivedDataCache/Boot.ddc.
[2019.04.02-23.50.39:943][  0]LogDerivedDataCache: Display: Loaded Boot cache: C:/Users/bzjas/AppData/Local/UnrealEngine/4.21/DerivedDataCache/Boot.ddc
[2019.04.02-23.50.39:943][  0]LogDerivedDataCache: FDerivedDataBackendGraph:  Pak pak cache file X:/Other/UE4/SmollScopeWave/DerivedDataCache/DDC.ddp not found, will not use a pak cache.
[2019.04.02-23.50.39:943][  0]LogDerivedDataCache: Unable to find inner node Pak for hierarchical cache Hierarchy.
[2019.04.02-23.50.39:943][  0]LogDerivedDataCache: FDerivedDataBackendGraph:  CompressedPak pak cache file X:/Other/UE4/SmollScopeWave/DerivedDataCache/Compressed.ddp not found, will not use a pak cache.
[2019.04.02-23.50.39:943][  0]LogDerivedDataCache: Unable to find inner node CompressedPak for hierarchical cache Hierarchy.
[2019.04.02-23.50.39:962][  0]LogDerivedDataCache: Display: Pak cache opened for reading ../../../Engine/DerivedDataCache/Compressed.ddp.
[2019.04.02-23.50.39:962][  0]LogDerivedDataCache: FDerivedDataBackendGraph:  EnterprisePak pak cache file ../../../Enterprise/DerivedDataCache/Compressed.ddp not found, will not use a pak cache.
[2019.04.02-23.50.39:962][  0]LogDerivedDataCache: Unable to find inner node EnterprisePak for hierarchical cache Hierarchy.
[2019.04.02-23.50.39:975][  0]LogDerivedDataCache: Using Local data cache path C:/Users/bzjas/AppData/Local/UnrealEngine/Common/DerivedDataCache: Writable
[2019.04.02-23.50.39:975][  0]LogDerivedDataCache: Shared data cache path not found in *engine.ini, will not use an Shared cache.
[2019.04.02-23.50.39:975][  0]LogDerivedDataCache: Unable to find inner node Shared for hierarchical cache Hierarchy.
[2019.04.02-23.50.39:999][  0]LogMaterial: Verifying Global Shaders for PCD3D_SM5
[2019.04.02-23.50.40:000][  0]LogSlate: Using FreeType 2.6.0
[2019.04.02-23.50.40:001][  0]LogSlate: SlateFontServices - WITH_FREETYPE: 1, WITH_HARFBUZZ: 1
[2019.04.02-23.50.40:102][  0]LogAssetRegistry: FAssetRegistry took 0.0344 seconds to start up
[2019.04.02-23.50.40:439][  0]LogInit: Selected Device Profile: [Windows]
[2019.04.02-23.50.40:508][  0]LogSimplygon: Simplygon DLL not present - disabling.
[2019.04.02-23.50.40:512][  0]LogMeshReduction: Using SimplygonSwarm for distributed automatic mesh merging
[2019.04.02-23.50.40:512][  0]LogMeshReduction: Using ProxyLODMeshReduction for automatic mesh merging
[2019.04.02-23.50.40:512][  0]LogMeshReduction: Using QuadricMeshReduction for automatic static mesh reduction
[2019.04.02-23.50.40:512][  0]LogMeshReduction: No automatic skeletal mesh reduction module available
[2019.04.02-23.50.40:600][  0]LogNetVersion: SmollScopeWave 1.0.0, NetCL: 4541578, EngineNetVer: 5, GameNetVer: 0 (Checksum: 4245437653)
[2019.04.02-23.50.41:098][  0]LogPackageLocalizationCache: Processed 11 localized package path(s) for 2 prioritized culture(s) in 0.091183 seconds
[2019.04.02-23.50.41:108][  0]LogUObjectArray: 39775 objects as part of root set at end of initial load.
[2019.04.02-23.50.41:109][  0]LogUObjectAllocator: 6914656 out of 0 bytes used by permanent object pool.
[2019.04.02-23.50.41:109][  0]LogUObjectArray: CloseDisregardForGC: 0/0 objects in disregard for GC pool
[2019.04.02-23.50.42:478][  0]LogTcpMessaging: Initializing TcpMessaging bridge
[2019.04.02-23.50.42:492][  0]LogUdpMessaging: Initializing bridge on interface 0.0.0.0:0 to multicast group 230.0.0.1:6666.
[2019.04.02-23.50.43:179][  0]SourceControl: Source control is disabled
[2019.04.02-23.50.43:179][  0]SourceControl: Source control is disabled
[2019.04.02-23.50.43:181][  0]SourceControl: Source control is disabled
[2019.04.02-23.50.43:183][  0]SourceControl: Source control is disabled
[2019.04.02-23.50.43:362][  0]LogAndroidPermission: UAndroidPermissionCallbackProxy::GetInstance
[2019.04.02-23.50.43:546][  0]LogOcInput: OculusInput pre-init called
[2019.04.02-23.50.43:682][  0]LogEngine: Initializing Engine...
[2019.04.02-23.50.43:683][  0]LogHMD: Oculus plugin initialized. Version: 4.21.2-4753647+++UE4+Release-4.21, OVRPlugin: 1.28.0
[2019.04.02-23.50.43:684][  0]LogStats: UGameplayTagsManager::ConstructGameplayTagTree: ImportINI prefixes -  0.000 s
[2019.04.02-23.50.43:684][  0]LogStats: UGameplayTagsManager::ConstructGameplayTagTree: Construct from data asset -  0.000 s
[2019.04.02-23.50.43:684][  0]LogStats: UGameplayTagsManager::ConstructGameplayTagTree: ImportINI -  0.000 s
[2019.04.02-23.50.43:684][  0]LogStats: UGameplayTagsManager::ConstructGameplayTagTree: GameplayTagTreeChangedEvent.Broadcast -  0.000 s
[2019.04.02-23.50.43:899][  0]LogInit: Initializing FReadOnlyCVARCache
[2019.04.02-23.50.43:910][  0]LogAIModule: Creating AISystem for world Untitled
[2019.04.02-23.50.44:046][  0]LogInit: XAudio2 using 'Speakers (Realtek High Definition Audio)' : 6 channels at 48 kHz using 32 bits per sample (channel mask 0x3f)
[2019.04.02-23.50.44:151][  0]LogInit: FAudioDevice initialized.
[2019.04.02-23.50.44:152][  0]LogNetVersion: Set ProjectVersion to 1.0.0.0. Version Checksum will be recalculated on next use.
[2019.04.02-23.50.44:228][  0]LogDerivedDataCache: Saved boot cache 0.08s 71MB C:/Users/bzjas/AppData/Local/UnrealEngine/4.21/DerivedDataCache/Boot.ddc.
[2019.04.02-23.50.44:236][  0]LogInit: Texture streaming: Enabled
[2019.04.02-23.50.44:251][  0]LogEngineSessionManager: EngineSessionManager initialized
[2019.04.02-23.50.44:251][  0]LogEngineSessionManager: EngineSessionManager sent abnormal shutdown report. Type=Crashed, SessionId={F047A929-4DFB-5704-746B-38901C13ED5D}
[2019.04.02-23.50.44:265][  0]LogInit: Transaction tracking system initialized
[2019.04.02-23.50.44:286][  0]BlueprintLog: New page: Editor Load
[2019.04.02-23.50.44:356][  0]LocalizationService: Localization service is disabled
[2019.04.02-23.50.44:892][  0]LogFileCache: Scanning file cache for directory 'X:/Other/UE4/SmollScopeWave/Content/' took 0.01s
[2019.04.02-23.50.44:892][  0]LogCook: Display: Max memory allowance for cook 16384mb min free memory 0mb
[2019.04.02-23.50.44:892][  0]LogCook: Display: Mobile HDR setting 1
[2019.04.02-23.50.44:892][  0]LogGameplayTags: Display: UGameplayTagsManager::DoneAddingNativeTags. DelegateIsBound: 0
[2019.04.02-23.50.44:892][  0]LogStats: UGameplayTagsManager::ConstructGameplayTagTree: ImportINI prefixes -  0.000 s
[2019.04.02-23.50.44:892][  0]LogStats: UGameplayTagsManager::ConstructGameplayTagTree: Construct from data asset -  0.000 s
[2019.04.02-23.50.44:892][  0]LogStats: UGameplayTagsManager::ConstructGameplayTagTree: ImportINI -  0.000 s
[2019.04.02-23.50.44:892][  0]LogStats: UGameplayTagsManager::ConstructGameplayTagTree: GameplayTagTreeChangedEvent.Broadcast -  0.000 s
[2019.04.02-23.50.45:026][  0]SourceControl: Source control is disabled
[2019.04.02-23.50.45:026][  0]Cmd: MAP LOAD FILE="X:/Other/UE4/SmollScopeWave/Content/Maps/MainMenu.umap" TEMPLATE=0 SHOWPROGRESS=1 FEATURELEVEL=3
[2019.04.02-23.50.45:050][  0]LightingResults: New page: Lighting Build
[2019.04.02-23.50.45:052][  0]MapCheck: New page: Map Check
[2019.04.02-23.50.45:052][  0]LightingResults: New page: Lighting Build
[2019.04.02-23.50.45:315][  0]LogAIModule: Creating AISystem for world MainMenu
[2019.04.02-23.50.45:316][  0]LogEditorServer: Finished looking for orphan Actors (0.000 secs)
[2019.04.02-23.50.45:351][  0]Cmd: MAP CHECKDEP NOCLEARLOG
[2019.04.02-23.50.45:351][  0]MapCheck: Map check complete: 0 Error(s), 0 Warning(s), took 0.099ms to complete.
[2019.04.02-23.50.45:351][  0]LogFileHelpers: Loading map 'MainMenu' took 0.325
[2019.04.02-23.50.45:452][  0]LogSlate: Updating window title bar state: overlay mode, drag disabled, window buttons hidden, title bar hidden
[2019.04.02-23.50.45:459][  0]LogSlate: Updating window title bar state: overlay mode, drag disabled, window buttons hidden, title bar hidden
[2019.04.02-23.50.45:467][  0]LogSlate: Updating window title bar state: overlay mode, drag disabled, window buttons hidden, title bar hidden
[2019.04.02-23.50.45:474][  0]LogSlate: Updating window title bar state: overlay mode, drag disabled, window buttons hidden, title bar hidden
[2019.04.02-23.50.45:479][  0]LogCollectionManager: Loaded 0 collections in 0.000785 seconds
[2019.04.02-23.50.45:518][  0]LogFileCache: Scanning file cache for directory 'X:/Other/UE4/SmollScopeWave/Saved/Collections/' took 0.01s
[2019.04.02-23.50.45:518][  0]LogFileCache: Scanning file cache for directory 'X:/Other/UE4/SmollScopeWave/Content/Developers/bzjas/Collections/' took 0.01s
[2019.04.02-23.50.45:518][  0]LogFileCache: Scanning file cache for directory 'X:/Other/UE4/SmollScopeWave/Content/Collections/' took 0.01s
[2019.04.02-23.50.45:518][  0]LogCollectionManager: Rebuilt the GUID cache for 0 collections in 0.000000 seconds
[2019.04.02-23.50.45:529][  0]LogContentBrowser: Native class hierarchy populated in 0.0103 seconds. Added 2651 classes and 620 folders.
[2019.04.02-23.50.45:537][  0]LogContentBrowser: Native class hierarchy updated for 'WidgetCarousel' in 0.0003 seconds. Added 0 classes and 0 folders.
[2019.04.02-23.50.45:539][  0]LogPakFile: Registered encryption key '00000000000000000000000000000000': 0 pak files mounted, 0 remain pending
[2019.04.02-23.50.45:539][  0]LogPakFile: Registered encryption key '00000000000000000000000000000000': 0 pak files mounted, 0 remain pending
[2019.04.02-23.50.45:540][  0]LogPakFile: Registered encryption key '00000000000000000000000000000000': 0 pak files mounted, 0 remain pending
[2019.04.02-23.50.45:540][  0]LogPakFile: Registered encryption key '00000000000000000000000000000000': 0 pak files mounted, 0 remain pending
[2019.04.02-23.50.45:541][  0]LogPakFile: Registered encryption key '00000000000000000000000000000000': 0 pak files mounted, 0 remain pending
[2019.04.02-23.50.45:541][  0]LogPakFile: Registered encryption key '00000000000000000000000000000000': 0 pak files mounted, 0 remain pending
[2019.04.02-23.50.45:542][  0]LogPakFile: Registered encryption key '00000000000000000000000000000000': 0 pak files mounted, 0 remain pending
[2019.04.02-23.50.45:542][  0]LogPakFile: Registered encryption key '00000000000000000000000000000000': 0 pak files mounted, 0 remain pending
[2019.04.02-23.50.45:543][  0]LogPakFile: Registered encryption key '00000000000000000000000000000000': 0 pak files mounted, 0 remain pending
[2019.04.02-23.50.45:543][  0]LogPakFile: Registered encryption key '00000000000000000000000000000000': 0 pak files mounted, 0 remain pending
[2019.04.02-23.50.45:544][  0]LogPakFile: Registered encryption key '00000000000000000000000000000000': 0 pak files mounted, 0 remain pending
[2019.04.02-23.50.45:544][  0]LogPakFile: Registered encryption key '00000000000000000000000000000000': 0 pak files mounted, 0 remain pending
[2019.04.02-23.50.45:545][  0]LogPakFile: Registered encryption key '00000000000000000000000000000000': 0 pak files mounted, 0 remain pending
[2019.04.02-23.50.45:545][  0]LogPakFile: Registered encryption key '00000000000000000000000000000000': 0 pak files mounted, 0 remain pending
[2019.04.02-23.50.45:546][  0]LogPakFile: Registered encryption key '00000000000000000000000000000000': 0 pak files mounted, 0 remain pending
[2019.04.02-23.50.45:546][  0]LogPakFile: Registered encryption key '00000000000000000000000000000000': 0 pak files mounted, 0 remain pending
[2019.04.02-23.50.45:547][  0]LogPakFile: Registered encryption key '00000000000000000000000000000000': 0 pak files mounted, 0 remain pending
[2019.04.02-23.50.45:548][  0]LogPakFile: Registered encryption key '00000000000000000000000000000000': 0 pak files mounted, 0 remain pending
[2019.04.02-23.50.45:548][  0]LogPakFile: Registered encryption key '00000000000000000000000000000000': 0 pak files mounted, 0 remain pending
[2019.04.02-23.50.45:549][  0]LogPakFile: Registered encryption key '00000000000000000000000000000000': 0 pak files mounted, 0 remain pending
[2019.04.02-23.50.45:549][  0]LogPakFile: Registered encryption key '00000000000000000000000000000000': 0 pak files mounted, 0 remain pending
[2019.04.02-23.50.45:550][  0]LogPakFile: Registered encryption key '00000000000000000000000000000000': 0 pak files mounted, 0 remain pending
[2019.04.02-23.50.45:550][  0]LogPakFile: Registered encryption key '00000000000000000000000000000000': 0 pak files mounted, 0 remain pending
[2019.04.02-23.50.45:551][  0]LogPakFile: Registered encryption key '00000000000000000000000000000000': 0 pak files mounted, 0 remain pending
[2019.04.02-23.50.45:551][  0]LogPakFile: Registered encryption key '00000000000000000000000000000000': 0 pak files mounted, 0 remain pending
[2019.04.02-23.50.45:552][  0]LogPakFile: Registered encryption key '00000000000000000000000000000000': 0 pak files mounted, 0 remain pending
[2019.04.02-23.50.45:580][  0]LogContentBrowser: Native class hierarchy updated for 'AddContentDialog' in 0.0003 seconds. Added 0 classes and 0 folders.
[2019.04.02-23.50.45:586][  0]LogContentBrowser: Native class hierarchy updated for 'SceneOutliner' in 0.0003 seconds. Added 1 classes and 2 folders.
[2019.04.02-23.50.45:649][  0]LogSlate: Took 0.000171 seconds to synchronously load lazily loaded font '../../../Engine/Content/Slate/Fonts/Roboto-Regular.ttf' (155K)
[2019.04.02-23.50.45:653][  0]LogSlate: Took 0.000149 seconds to synchronously load lazily loaded font '../../../Engine/Content/Slate/Fonts/Roboto-Bold.ttf' (160K)
[2019.04.02-23.50.45:657][  0]LogSlate: Took 0.000197 seconds to synchronously load lazily loaded font '../../../Engine/Content/Editor/Slate/Fonts/FontAwesome.ttf' (139K)
[2019.04.02-23.50.45:725][  0]LogRenderer: Reallocating scene render targets to support 1176x572 Format 10 NumSamples 1 (Frame:1).
[2019.04.02-23.50.45:819][  0]LogContentBrowser: Native class hierarchy updated for 'HierarchicalLODOutliner' in 0.0003 seconds. Added 0 classes and 0 folders.
[2019.04.02-23.50.45:820][  0]LogLoad: (Engine Initialization) Total time: 11.66 seconds
[2019.04.02-23.50.45:820][  0]LogLoad: (Engine Initialization) Total Blueprint compile time: 0.00 seconds
[2019.04.02-23.50.45:830][  0]LogOcInput: OculusInput is initialized
[2019.04.02-23.50.45:877][  0]LogContentStreaming: Texture pool size now 1000 MB
[2019.04.02-23.50.45:951][  0]LogRenderer: Reallocating scene render targets to support 1176x584 Format 10 NumSamples 1 (Frame:5).
[2019.04.02-23.50.45:951][  0]LogSlate: Took 0.000162 seconds to synchronously load lazily loaded font '../../../Engine/Content/Slate/Fonts/Roboto-Light.ttf' (167K)
[2019.04.02-23.50.46:054][  2]LogAssetRegistry: Asset discovery search completed in 5.9734 seconds
[2019.04.02-23.50.46:056][  2]LogCollectionManager: Rebuilt the object cache for 0 collections in 0.000000 seconds (found 0 objects)
[2019.04.02-23.50.46:056][  2]LogCollectionManager: Fixed up redirectors for 0 collections in 0.000074 seconds (updated 0 objects)
[2019.04.02-23.50.46:945][ 77]LogInit: XAudio2 using 'Headphones (Rift Audio)' : 2 channels at 48 kHz using 16 bits per sample (channel mask 0x3)
[2019.04.02-23.50.47:310][ 78]LogInit: XAudio2 using 'Headphones (Rift Audio)' : 2 channels at 48 kHz using 16 bits per sample (channel mask 0x3)
[2019.04.02-23.50.47:705][ 79]LogInit: XAudio2 using 'Speakers (Realtek High Definition Audio)' : 6 channels at 48 kHz using 32 bits per sample (channel mask 0x3f)
[2019.04.02-23.50.47:820][ 79]LogSlate: Took 0.000173 seconds to synchronously load lazily loaded font '../../../Engine/Content/Slate/Fonts/Roboto-Light.ttf' (167K)
[2019.04.02-23.50.48:244][ 80]LogInit: XAudio2 using 'Speakers (Realtek High Definition Audio)' : 6 channels at 48 kHz using 32 bits per sample (channel mask 0x3f)
[2019.04.02-23.50.48:974][ 81]LogInit: XAudio2 using 'Speakers (Realtek High Definition Audio)' : 6 channels at 48 kHz using 32 bits per sample (channel mask 0x3f)
[2019.04.02-23.50.49:391][ 82]LogInit: XAudio2 using 'Speakers (Realtek High Definition Audio)' : 6 channels at 48 kHz using 32 bits per sample (channel mask 0x3f)
[2019.04.02-23.50.49:844][ 83]LogInit: XAudio2 using 'Speakers (Realtek High Definition Audio)' : 6 channels at 48 kHz using 32 bits per sample (channel mask 0x3f)
[2019.04.02-23.50.49:952][ 84]LogSlate: FSceneViewport::OnFocusLost() reason 0
[2019.04.02-23.50.50:189][ 84]LogAssetEditorManager: Opening Asset editor for Blueprint /Game/Blueprints/Characters/BaseEnemy.BaseEnemy
[2019.04.02-23.50.50:702][ 84]LogContentBrowser: Native class hierarchy updated for 'BlueprintGraph' in 0.0007 seconds. Added 117 classes and 0 folders.
[2019.04.02-23.50.51:964][ 84]LogInit: XAudio2 using 'Speakers (Realtek High Definition Audio)' : 6 channels at 48 kHz using 32 bits per sample (channel mask 0x3f)
[2019.04.02-23.50.52:139][ 84]LogSlate: Took 0.000230 seconds to synchronously load lazily loaded font '../../../Engine/Content/Slate/Fonts/Roboto-BoldCondensed.ttf' (158K)
[2019.04.02-23.50.52:531][ 85]LogInit: XAudio2 using 'Speakers (Realtek High Definition Audio)' : 6 channels at 48 kHz using 32 bits per sample (channel mask 0x3f)
[2019.04.02-23.50.52:924][ 86]LogInit: XAudio2 using 'Speakers (Realtek High Definition Audio)' : 6 channels at 48 kHz using 32 bits per sample (channel mask 0x3f)
[2019.04.02-23.50.53:354][ 87]LogInit: XAudio2 using 'Headphones (Rift Audio)' : 2 channels at 48 kHz using 16 bits per sample (channel mask 0x3)
[2019.04.02-23.50.53:703][ 88]LogInit: XAudio2 using 'Speakers (Realtek High Definition Audio)' : 6 channels at 48 kHz using 32 bits per sample (channel mask 0x3f)
[2019.04.02-23.50.54:197][ 89]LogInit: XAudio2 using 'Speakers (Realtek High Definition Audio)' : 6 channels at 48 kHz using 32 bits per sample (channel mask 0x3f)
[2019.04.02-23.50.54:722][ 90]LogInit: XAudio2 using 'Realtek Digital Output (Realtek High Definition Audio)' : 6 channels at 48 kHz using 32 bits per sample (channel mask 0x3f)
[2019.04.02-23.50.55:239][ 91]LogInit: XAudio2 using 'Realtek Digital Output (Realtek High Definition Audio)' : 6 channels at 48 kHz using 32 bits per sample (channel mask 0x3f)
[2019.04.02-23.50.55:751][ 92]LogInit: XAudio2 using 'Realtek Digital Output (Realtek High Definition Audio)' : 6 channels at 48 kHz using 32 bits per sample (channel mask 0x3f)
[2019.04.02-23.50.56:318][ 93]LogInit: XAudio2 using 'Speakers (Realtek High Definition Audio)' : 6 channels at 48 kHz using 32 bits per sample (channel mask 0x3f)
[2019.04.02-23.50.56:829][ 94]LogInit: XAudio2 using 'Speakers (Realtek High Definition Audio)' : 6 channels at 48 kHz using 32 bits per sample (channel mask 0x3f)
[2019.04.02-23.50.57:269][ 95]LogInit: XAudio2 using 'Speakers (Realtek High Definition Audio)' : 6 channels at 48 kHz using 32 bits per sample (channel mask 0x3f)
[2019.04.02-23.50.57:738][ 96]LogInit: XAudio2 using 'Speakers (Realtek High Definition Audio)' : 6 channels at 48 kHz using 32 bits per sample (channel mask 0x3f)
[2019.04.02-23.50.58:260][ 97]LogInit: XAudio2 using 'Headphones (Rift Audio)' : 2 channels at 48 kHz using 16 bits per sample (channel mask 0x3)
[2019.04.02-23.50.58:544][ 98]LogInit: XAudio2 using 'Speakers (Realtek High Definition Audio)' : 6 channels at 48 kHz using 32 bits per sample (channel mask 0x3f)
[2019.04.02-23.50.58:991][ 99]LogInit: XAudio2 using 'Speakers (Realtek High Definition Audio)' : 6 channels at 48 kHz using 32 bits per sample (channel mask 0x3f)
[2019.04.02-23.50.59:469][100]LogInit: XAudio2 using 'Speakers (Realtek High Definition Audio)' : 6 channels at 48 kHz using 32 bits per sample (channel mask 0x3f)
[2019.04.02-23.50.59:893][101]LogInit: XAudio2 using 'Headphones (Rift Audio)' : 2 channels at 48 kHz using 16 bits per sample (channel mask 0x3)
[2019.04.02-23.51.00:259][102]LogInit: XAudio2 using 'Speakers (Realtek High Definition Audio)' : 6 channels at 48 kHz using 32 bits per sample (channel mask 0x3f)
[2019.04.02-23.51.00:765][103]LogInit: XAudio2 using 'Headphones (Rift Audio)' : 2 channels at 48 kHz using 16 bits per sample (channel mask 0x3)
[2019.04.02-23.51.01:177][104]LogInit: XAudio2 using 'Headphones (Rift Audio)' : 2 channels at 48 kHz using 16 bits per sample (channel mask 0x3)
[2019.04.02-23.51.01:623][105]LogInit: XAudio2 using 'Realtek Digital Output (Realtek High Definition Audio)' : 6 channels at 48 kHz using 32 bits per sample (channel mask 0x3f)
[2019.04.02-23.51.02:171][106]LogInit: XAudio2 using 'Speakers (Realtek High Definition Audio)' : 6 channels at 48 kHz using 32 bits per sample (channel mask 0x3f)
[2019.04.02-23.51.02:671][107]LogInit: XAudio2 using 'Speakers (Realtek High Definition Audio)' : 6 channels at 48 kHz using 32 bits per sample (channel mask 0x3f)
[2019.04.02-23.51.03:290][108]LogInit: XAudio2 using 'Speakers (Realtek High Definition Audio)' : 6 channels at 48 kHz using 32 bits per sample (channel mask 0x3f)
[2019.04.02-23.51.03:852][109]LogInit: XAudio2 using 'Realtek Digital Output (Realtek High Definition Audio)' : 6 channels at 48 kHz using 32 bits per sample (channel mask 0x3f)
[2019.04.02-23.51.04:338][110]LogInit: XAudio2 using 'Headphones (Rift Audio)' : 2 channels at 48 kHz using 16 bits per sample (channel mask 0x3)
[2019.04.02-23.51.04:742][111]LogInit: XAudio2 using 'Headphones (Rift Audio)' : 2 channels at 48 kHz using 16 bits per sample (channel mask 0x3)
[2019.04.02-23.51.05:087][112]LogInit: XAudio2 using 'Headphones (Rift Audio)' : 2 channels at 48 kHz using 16 bits per sample (channel mask 0x3)
[2019.04.02-23.51.05:413][113]LogInit: XAudio2 using 'Speakers (Realtek High Definition Audio)' : 6 channels at 48 kHz using 32 bits per sample (channel mask 0x3f)
[2019.04.02-23.51.05:918][114]LogInit: XAudio2 using 'Headphones (Rift Audio)' : 2 channels at 48 kHz using 16 bits per sample (channel mask 0x3)
[2019.04.02-23.51.06:314][115]LogInit: XAudio2 using 'Speakers (Realtek High Definition Audio)' : 6 channels at 48 kHz using 32 bits per sample (channel mask 0x3f)
[2019.04.02-23.51.06:698][116]LogInit: XAudio2 using 'Speakers (Realtek High Definition Audio)' : 6 channels at 48 kHz using 32 bits per sample (channel mask 0x3f)
[2019.04.02-23.51.07:133][117]LogInit: XAudio2 using 'Speakers (Realtek High Definition Audio)' : 6 channels at 48 kHz using 32 bits per sample (channel mask 0x3f)
[2019.04.02-23.51.07:729][118]LogInit: XAudio2 using 'Speakers (Realtek High Definition Audio)' : 6 channels at 48 kHz using 32 bits per sample (channel mask 0x3f)
[2019.04.02-23.51.08:247][119]LogInit: XAudio2 using 'Headphones (Rift Audio)' : 2 channels at 48 kHz using 16 bits per sample (channel mask 0x3)
[2019.04.02-23.51.08:642][120]LogInit: XAudio2 using 'Headphones (Rift Audio)' : 2 channels at 48 kHz using 16 bits per sample (channel mask 0x3)
[2019.04.02-23.51.08:978][121]LogInit: XAudio2 using 'Headphones (Rift Audio)' : 2 channels at 48 kHz using 16 bits per sample (channel mask 0x3)
[2019.04.02-23.51.09:320][122]LogInit: XAudio2 using 'Speakers (Realtek High Definition Audio)' : 6 channels at 48 kHz using 32 bits per sample (channel mask 0x3f)
[2019.04.02-23.51.09:808][123]LogInit: XAudio2 using 'Headphones (Rift Audio)' : 2 channels at 48 kHz using 16 bits per sample (channel mask 0x3)
[2019.04.02-23.51.10:158][124]LogInit: XAudio2 using 'Speakers (Realtek High Definition Audio)' : 6 channels at 48 kHz using 32 bits per sample (channel mask 0x3f)
[2019.04.02-23.51.10:760][125]LogInit: XAudio2 using 'Realtek Digital Output (Realtek High Definition Audio)' : 6 channels at 48 kHz using 32 bits per sample (channel mask 0x3f)
[2019.04.02-23.51.11:313][126]LogInit: XAudio2 using 'Speakers (Realtek High Definition Audio)' : 6 channels at 48 kHz using 32 bits per sample (channel mask 0x3f)
[2019.04.02-23.51.11:853][127]LogInit: XAudio2 using 'Headphones (Rift Audio)' : 2 channels at 48 kHz using 16 bits per sample (channel mask 0x3)
[2019.04.02-23.51.12:178][128]LogInit: XAudio2 using 'Speakers (Realtek High Definition Audio)' : 6 channels at 48 kHz using 32 bits per sample (channel mask 0x3f)
[2019.04.02-23.51.12:676][129]LogInit: XAudio2 using 'Headphones (Rift Audio)' : 2 channels at 48 kHz using 16 bits per sample (channel mask 0x3)
[2019.04.02-23.51.12:983][130]LogInit: XAudio2 using 'Headphones (Rift Audio)' : 2 channels at 48 kHz using 16 bits per sample (channel mask 0x3)
[2019.04.02-23.51.13:358][131]LogInit: XAudio2 using 'Headphones (Rift Audio)' : 2 channels at 48 kHz using 16 bits per sample (channel mask 0x3)
[2019.04.02-23.51.13:691][132]LogInit: XAudio2 using 'Speakers (Realtek High Definition Audio)' : 6 channels at 48 kHz using 32 bits per sample (channel mask 0x3f)
[2019.04.02-23.51.14:248][133]LogInit: XAudio2 using 'Headphones (Rift Audio)' : 2 channels at 48 kHz using 16 bits per sample (channel mask 0x3)
[2019.04.02-23.51.14:591][134]LogInit: XAudio2 using 'Headphones (Rift Audio)' : 2 channels at 48 kHz using 16 bits per sample (channel mask 0x3)
[2019.04.02-23.51.14:989][135]LogInit: XAudio2 using 'Speakers (Realtek High Definition Audio)' : 6 channels at 48 kHz using 32 bits per sample (channel mask 0x3f)
[2019.04.02-23.51.15:377][136]LogInit: XAudio2 using 'Speakers (Realtek High Definition Audio)' : 6 channels at 48 kHz using 32 bits per sample (channel mask 0x3f)
[2019.04.02-23.51.15:845][137]LogInit: XAudio2 using 'Speakers (Realtek High Definition Audio)' : 6 channels at 48 kHz using 32 bits per sample (channel mask 0x3f)
[2019.04.02-23.51.16:252][138]LogInit: XAudio2 using 'Speakers (Realtek High Definition Audio)' : 6 channels at 48 kHz using 32 bits per sample (channel mask 0x3f)
[2019.04.02-23.51.16:764][139]LogInit: XAudio2 using 'Speakers (Realtek High Definition Audio)' : 6 channels at 48 kHz using 32 bits per sample (channel mask 0x3f)
[2019.04.02-23.51.17:332][140]LogInit: XAudio2 using 'Headphones (Rift Audio)' : 2 channels at 48 kHz using 16 bits per sample (channel mask 0x3)
[2019.04.02-23.51.17:701][141]LogInit: XAudio2 using 'Headphones (Rift Audio)' : 2 channels at 48 kHz using 16 bits per sample (channel mask 0x3)
[2019.04.02-23.51.18:084][142]LogInit: XAudio2 using 'Headphones (Rift Audio)' : 2 channels at 48 kHz using 16 bits per sample (channel mask 0x3)
[2019.04.02-23.51.18:463][143]LogInit: XAudio2 using 'Speakers (Realtek High Definition Audio)' : 6 channels at 48 kHz using 32 bits per sample (channel mask 0x3f)
[2019.04.02-23.51.18:929][144]LogInit: XAudio2 using 'Headphones (Rift Audio)' : 2 channels at 48 kHz using 16 bits per sample (channel mask 0x3)
[2019.04.02-23.51.19:263][145]LogInit: XAudio2 using 'Speakers (Realtek High Definition Audio)' : 6 channels at 48 kHz using 32 bits per sample (channel mask 0x3f)
[2019.04.02-23.51.19:772][146]LogInit: XAudio2 using 'Headphones (Rift Audio)' : 2 channels at 48 kHz using 16 bits per sample (channel mask 0x3)
[2019.04.02-23.51.20:134][147]LogInit: XAudio2 using 'Speakers (Realtek High Definition Audio)' : 6 channels at 48 kHz using 32 bits per sample (channel mask 0x3f)
[2019.04.02-23.51.20:777][148]LogInit: XAudio2 using 'Headphones (Rift Audio)' : 2 channels at 48 kHz using 16 bits per sample (channel mask 0x3)
[2019.04.02-23.51.21:166][149]LogInit: XAudio2 using 'Headphones (Rift Audio)' : 2 channels at 48 kHz using 16 bits per sample (channel mask 0x3)
[2019.04.02-23.51.21:690][150]LogInit: XAudio2 using 'Headphones (Rift Audio)' : 2 channels at 48 kHz using 16 bits per sample (channel mask 0x3)
[2019.04.02-23.51.22:103][151]LogInit: XAudio2 using 'Headphones (Rift Audio)' : 2 channels at 48 kHz using 16 bits per sample (channel mask 0x3)
[2019.04.02-23.51.22:445][152]LogInit: XAudio2 using 'Speakers (Realtek High Definition Audio)' : 6 channels at 48 kHz using 32 bits per sample (channel mask 0x3f)
[2019.04.02-23.51.24:159][153]LogInit: XAudio2 using 'Headphones (Rift Audio)' : 2 channels at 48 kHz using 16 bits per sample (channel mask 0x3)
[2019.04.02-23.51.26:193][154]LogInit: XAudio2 using 'Headphones (Rift Audio)' : 2 channels at 48 kHz using 16 bits per sample (channel mask 0x3)
[2019.04.02-23.51.27:360][155]LogInit: XAudio2 using 'Headphones (Rift Audio)' : 2 channels at 48 kHz using 16 bits per sample (channel mask 0x3)
[2019.04.02-23.51.27:796][156]LogInit: XAudio2 using 'Headphones (Rift Audio)' : 2 channels at 48 kHz using 16 bits per sample (channel mask 0x3)
[2019.04.02-23.51.30:711][157]LogInit: XAudio2 using 'Headphones (Rift Audio)' : 2 channels at 48 kHz using 16 bits per sample (channel mask 0x3)
[2019.04.02-23.51.31:147][158]LogInit: XAudio2 using 'Speakers (Realtek High Definition Audio)' : 6 channels at 48 kHz using 32 bits per sample (channel mask 0x3f)
[2019.04.02-23.51.32:926][159]LogInit: XAudio2 using 'Realtek Digital Output (Realtek High Definition Audio)' : 6 channels at 48 kHz using 32 bits per sample (channel mask 0x3f)
[2019.04.02-23.51.33:496][160]LogInit: XAudio2 using 'Speakers (Realtek High Definition Audio)' : 6 channels at 48 kHz using 32 bits per sample (channel mask 0x3f)
[2019.04.02-23.51.36:104][161]LogInit: XAudio2 using 'Realtek Digital Output (Realtek High Definition Audio)' : 6 channels at 48 kHz using 32 bits per sample (channel mask 0x3f)
[2019.04.02-23.51.36:768][162]LogInit: XAudio2 using 'Speakers (Realtek High Definition Audio)' : 6 channels at 48 kHz using 32 bits per sample (channel mask 0x3f)
[2019.04.02-23.51.38:610][163]LogInit: XAudio2 using 'Speakers (Realtek High Definition Audio)' : 6 channels at 48 kHz using 32 bits per sample (channel mask 0x3f)
[2019.04.02-23.51.40:560][164]LogInit: XAudio2 using 'Realtek Digital Output (Realtek High Definition Audio)' : 6 channels at 48 kHz using 32 bits per sample (channel mask 0x3f)
[2019.04.02-23.51.43:164][165]LogInit: XAudio2 using 'Headphones (Rift Audio)' : 2 channels at 48 kHz using 16 bits per sample (channel mask 0x3)
[2019.04.02-23.51.43:538][166]LogInit: XAudio2 using 'Speakers (Realtek High Definition Audio)' : 6 channels at 48 kHz using 32 bits per sample (channel mask 0x3f)
[2019.04.02-23.51.45:085][167]LogInit: XAudio2 using 'Headphones (Rift Audio)' : 2 channels at 48 kHz using 16 bits per sample (channel mask 0x3)
[2019.04.02-23.51.48:013][168]LogInit: XAudio2 using 'Headphones (Rift Audio)' : 2 channels at 48 kHz using 16 bits per sample (channel mask 0x3)
[2019.04.02-23.51.48:291][169]LogInit: XAudio2 using 'Speakers (Realtek High Definition Audio)' : 6 channels at 48 kHz using 32 bits per sample (channel mask 0x3f)
[2019.04.02-23.51.48:898][170]LogInit: XAudio2 using 'Speakers (Realtek High Definition Audio)' : 6 channels at 48 kHz using 32 bits per sample (channel mask 0x3f)
[2019.04.02-23.51.50:314][171]LogInit: XAudio2 using 'Headphones (Rift Audio)' : 2 channels at 48 kHz using 16 bits per sample (channel mask 0x3)
[2019.04.02-23.51.51:613][172]LogInit: XAudio2 using 'Speakers (Realtek High Definition Audio)' : 6 channels at 48 kHz using 32 bits per sample (channel mask 0x3f)
[2019.04.02-23.51.54:849][173]LogInit: XAudio2 using 'Realtek Digital Output (Realtek High Definition Audio)' : 6 channels at 48 kHz using 32 bits per sample (channel mask 0x3f)
[2019.04.02-23.51.57:674][174]LogInit: XAudio2 using 'Headphones (Rift Audio)' : 2 channels at 48 kHz using 16 bits per sample (channel mask 0x3)
[2019.04.02-23.51.58:597][175]LogInit: XAudio2 using 'Speakers (Realtek High Definition Audio)' : 6 channels at 48 kHz using 32 bits per sample (channel mask 0x3f)
[2019.04.02-23.51.59:308][176]LogInit: XAudio2 using 'Speakers (Realtek High Definition Audio)' : 6 channels at 48 kHz using 32 bits per sample (channel mask 0x3f)
[2019.04.02-23.52.00:883][177]LogInit: XAudio2 using 'Headphones (Rift Audio)' : 2 channels at 48 kHz using 16 bits per sample (channel mask 0x3)
[2019.04.02-23.52.03:474][178]LogInit: XAudio2 using 'Headphones (Rift Audio)' : 2 channels at 48 kHz using 16 bits per sample (channel mask 0x3)
[2019.04.02-23.52.06:093][179]LogInit: XAudio2 using 'Speakers (Realtek High Definition Audio)' : 6 channels at 48 kHz using 32 bits per sample (channel mask 0x3f)
[2019.04.02-23.52.08:092][180]LogInit: XAudio2 using 'Speakers (Realtek High Definition Audio)' : 6 channels at 48 kHz using 32 bits per sample (channel mask 0x3f)
[2019.04.02-23.52.11:885][181]LogInit: XAudio2 using 'Realtek Digital Output (Realtek High Definition Audio)' : 6 channels at 48 kHz using 32 bits per sample (channel mask 0x3f)
[2019.04.02-23.52.12:926][182]LogInit: XAudio2 using 'Speakers (Realtek High Definition Audio)' : 6 channels at 48 kHz using 32 bits per sample (channel mask 0x3f)
[2019.04.02-23.52.16:360][183]LogInit: XAudio2 using 'Speakers (Realtek High Definition Audio)' : 6 channels at 48 kHz using 32 bits per sample (channel mask 0x3f)
[2019.04.02-23.52.17:139][184]LogInit: XAudio2 using 'Speakers (Realtek High Definition Audio)' : 6 channels at 48 kHz using 32 bits per sample (channel mask 0x3f)
[2019.04.02-23.52.18:410][185]LogInit: XAudio2 using 'Headphones (Rift Audio)' : 2 channels at 48 kHz using 16 bits per sample (channel mask 0x3)
[2019.04.02-23.52.21:340][186]LogInit: XAudio2 using 'Realtek Digital Output (Realtek High Definition Audio)' : 6 channels at 48 kHz using 32 bits per sample (channel mask 0x3f)
[2019.04.02-23.52.28:751][187]LogInit: XAudio2 using 'Realtek Digital Output (Realtek High Definition Audio)' : 6 channels at 48 kHz using 32 bits per sample (channel mask 0x3f)
[2019.04.02-23.52.35:513][188]LogInit: XAudio2 using 'Speakers (Realtek High Definition Audio)' : 6 channels at 48 kHz using 32 bits per sample (channel mask 0x3f)
[2019.04.02-23.52.36:639][189]LogInit: XAudio2 using 'Speakers (Realtek High Definition Audio)' : 6 channels at 48 kHz using 32 bits per sample (channel mask 0x3f)
[2019.04.02-23.52.43:265][190]LogInit: XAudio2 using 'Realtek Digital Output (Realtek High Definition Audio)' : 6 channels at 48 kHz using 32 bits per sample (channel mask 0x3f)
[2019.04.02-23.52.48:949][191]LogInit: XAudio2 using 'Speakers (Realtek High Definition Audio)' : 6 channels at 48 kHz using 32 bits per sample (channel mask 0x3f)
[2019.04.02-23.52.51:379][192]LogInit: XAudio2 using 'Realtek Digital Output (Realtek High Definition Audio)' : 6 channels at 48 kHz using 32 bits per sample (channel mask 0x3f)
[2019.04.02-23.52.52:338][193]LogInit: XAudio2 using 'Speakers (Realtek High Definition Audio)' : 6 channels at 48 kHz using 32 bits per sample (channel mask 0x3f)
[2019.04.02-23.53.01:651][194]LogInit: XAudio2 using 'Realtek Digital Output (Realtek High Definition Audio)' : 6 channels at 48 kHz using 32 bits per sample (channel mask 0x3f)
[2019.04.02-23.53.07:141][195]LogInit: XAudio2 using 'Headphones (Rift Audio)' : 2 channels at 48 kHz using 16 bits per sample (channel mask 0x3)
[2019.04.02-23.53.14:801][196]LogInit: XAudio2 using 'Realtek Digital Output (Realtek High Definition Audio)' : 6 channels at 48 kHz using 32 bits per sample (channel mask 0x3f)
[2019.04.02-23.53.17:642][197]LogInit: XAudio2 using 'Headphones (Rift Audio)' : 2 channels at 48 kHz using 16 bits per sample (channel mask 0x3)
[2019.04.02-23.53.18:558][198]LogInit: XAudio2 using 'Realtek Digital Output (Realtek High Definition Audio)' : 6 channels at 48 kHz using 32 bits per sample (channel mask 0x3f)
[2019.04.02-23.53.22:081][199]LogInit: XAudio2 using 'Speakers (Realtek High Definition Audio)' : 6 channels at 48 kHz using 32 bits per sample (channel mask 0x3f)
